#
# A fatal error has been detected by the Java Runtime Environment:
#
#  EXCEPTION_ACCESS_VIOLATION (0xc0000005) at pc=0x0000000061f79575, pid=5964, tid=0x0000000000003638
#
# JRE version: Java(TM) SE Runtime Environment (8.0_92-b14) (build 1.8.0_92-b14)
# Java VM: Java HotSpot(TM) 64-Bit Server VM (25.92-b14 mixed mode windows-amd64 compressed oops)
# Problematic frame:
# V  [jvm.dll+0x129575]
#
# Failed to write core dump. Minidumps are not enabled by default on client versions of Windows
#
# If you would like to submit a bug report, please visit:
#   http://bugreport.java.com/bugreport/crash.jsp
#

---------------  T H R E A D  ---------------

Current thread (0x00000000175f8000):  JavaThread "JDWP Transport Listener: dt_socket" daemon [_thread_in_vm, id=13880, stack(0x0000000018fc0000,0x00000000190c0000)]

siginfo: ExceptionCode=0xc0000005, reading address 0x000000000000003b

Registers:
RAX=0x00000000190bf301, RBX=0x00000000175f8000, RCX=0x000000000000003b, RDX=0x0000000000000000
RSP=0x00000000190bf2d0, RBP=0x000000000000003b, RSI=0x00000000190bf3e8, RDI=0x0000000002a889e0
R8 =0x00000000175f8000, R9 =0x0000000000008000, R10=0x0000000000000000, R11=0x00000000190bf56c
R12=0x0000000000000000, R13=0x0000000017602dc8, R14=0x0000000000000000, R15=0x0000000000000000
RIP=0x0000000061f79575, EFLAGS=0x0000000000010202

Top of Stack: (sp=0x00000000190bf2d0)
0x00000000190bf2d0:   00000000175f8000 00000000175f8000
0x00000000190bf2e0:   00000000190bf398 000000006217fbab
0x00000000190bf2f0:   00000000175f8000 000000006219c40d
0x00000000190bf300:   0000000000000000 0000000061659155
0x00000000190bf310:   00000000195bfba8 000000006166291e
0x00000000190bf320:   00000000175f8000 0000000000000000
0x00000000190bf330:   0000000000000000 0000000000000000
0x00000000190bf340:   000000000000003b 0000000061661a15
0x00000000190bf350:   00000000190bf3e8 00000000190bf3c0
0x00000000190bf360:   0000000000000001 00000000195bfba8
0x00000000190bf370:   000000000000003b 00000000616453b3
0x00000000190bf380:   00000000190bf4b0 0000000000000001
0x00000000190bf390:   0000000000000001 00000000195bfba8
0x00000000190bf3a0:   0000000000000009 0000000000000000
0x00000000190bf3b0:   0000000000000000 0000000000000000
0x00000000190bf3c0:   0000000000000001 0000000061645571 

Instructions: (pc=0x0000000061f79575)
0x0000000061f79555:   cc cc cc cc cc cc cc cc cc cc cc 48 83 ec 28 48
0x0000000061f79565:   85 c9 75 07 33 c0 48 83 c4 28 c3 48 89 5c 24 20
0x0000000061f79575:   48 8b 19 48 85 db 74 20 48 83 fb 37 74 1a 48 8b
0x0000000061f79585:   13 48 8b cb ff 52 10 84 c0 74 0d 48 8b c3 48 8b 


Register to memory mapping:

RAX=0x00000000190bf301 is pointing into the stack for thread: 0x00000000175f8000
RBX=0x00000000175f8000 is a thread
RCX=0x000000000000003b is an unknown value
RDX=0x0000000000000000 is an unknown value
RSP=0x00000000190bf2d0 is pointing into the stack for thread: 0x00000000175f8000
RBP=0x000000000000003b is an unknown value
RSI=0x00000000190bf3e8 is pointing into the stack for thread: 0x00000000175f8000
RDI=0x0000000002a889e0 is an unknown value
R8 =0x00000000175f8000 is a thread
R9 =0x0000000000008000 is an unknown value
R10=0x0000000000000000 is an unknown value
R11=0x00000000190bf56c is pointing into the stack for thread: 0x00000000175f8000
R12=0x0000000000000000 is an unknown value
R13=0x0000000017602dc8 is an unknown value
R14=0x0000000000000000 is an unknown value
R15=0x0000000000000000 is an unknown value


Stack: [0x0000000018fc0000,0x00000000190c0000],  sp=0x00000000190bf2d0,  free space=1020k
Native frames: (J=compiled Java code, j=interpreted, Vv=VM code, C=native code)
V  [jvm.dll+0x129575]
V  [jvm.dll+0x34c40d]
C  [jdwp.dll+0x21a15]
C  [jdwp.dll+0x53b3]
C  [jdwp.dll+0x5571]
C  [jdwp.dll+0xf0a8]
C  [jdwp.dll+0x1f2d5]
C  [jdwp.dll+0x1f4aa]
V  [jvm.dll+0x1bc3e8]
V  [jvm.dll+0x244314]
V  [jvm.dll+0x29b34a]
C  [msvcr100.dll+0x21d9f]
C  [msvcr100.dll+0x21e3b]
C  [KERNEL32.DLL+0x13034]
C  [ntdll.dll+0x71431]


---------------  P R O C E S S  ---------------

Java Threads: ( => current thread )
  0x0000000019516800 JavaThread "Service Thread" daemon [_thread_blocked, id=15128, stack(0x00000000199c0000,0x0000000019ac0000)]
  0x00000000194d3000 JavaThread "C1 CompilerThread2" daemon [_thread_blocked, id=15228, stack(0x00000000198c0000,0x00000000199c0000)]
  0x0000000017636000 JavaThread "C2 CompilerThread1" daemon [_thread_blocked, id=2240, stack(0x00000000193c0000,0x00000000194c0000)]
  0x0000000017616800 JavaThread "C2 CompilerThread0" daemon [_thread_blocked, id=4976, stack(0x00000000192c0000,0x00000000193c0000)]
  0x000000001760a800 JavaThread "JDWP Command Reader" daemon [_thread_in_native, id=4608, stack(0x00000000191c0000,0x00000000192c0000)]
  0x0000000017609800 JavaThread "JDWP Event Helper Thread" daemon [_thread_blocked, id=2516, stack(0x00000000190c0000,0x00000000191c0000)]
=>0x00000000175f8000 JavaThread "JDWP Transport Listener: dt_socket" daemon [_thread_in_vm, id=13880, stack(0x0000000018fc0000,0x00000000190c0000)]
  0x00000000175ed800 JavaThread "Attach Listener" daemon [_thread_blocked, id=15832, stack(0x0000000018b80000,0x0000000018c80000)]
  0x00000000175ec000 JavaThread "Signal Dispatcher" daemon [_thread_blocked, id=15780, stack(0x0000000018a80000,0x0000000018b80000)]
  0x0000000002a3b800 JavaThread "Finalizer" daemon [_thread_blocked, id=15828, stack(0x0000000018860000,0x0000000018960000)]
  0x0000000002a31000 JavaThread "Reference Handler" daemon [_thread_blocked, id=5124, stack(0x0000000018760000,0x0000000018860000)]
  0x0000000002a8e800 JavaThread "main" [_thread_blocked, id=3160, stack(0x0000000002820000,0x0000000002920000)]

Other Threads:
  0x00000000175b7800 VMThread [stack: 0x0000000018660000,0x0000000018760000] [id=7912]
  0x000000001951e000 WatcherThread [stack: 0x0000000019ac0000,0x0000000019bc0000] [id=4584]

VM state:not at safepoint (normal execution)

VM Mutex/Monitor currently owned by a thread: None

Heap:
 PSYoungGen      total 38400K, used 1996K [0x00000000d5d00000, 0x00000000d8780000, 0x0000000100000000)
  eden space 33280K, 6% used [0x00000000d5d00000,0x00000000d5ef3360,0x00000000d7d80000)
  from space 5120K, 0% used [0x00000000d8280000,0x00000000d8280000,0x00000000d8780000)
  to   space 5120K, 0% used [0x00000000d7d80000,0x00000000d7d80000,0x00000000d8280000)
 ParOldGen       total 87552K, used 0K [0x0000000081600000, 0x0000000086b80000, 0x00000000d5d00000)
  object space 87552K, 0% used [0x0000000081600000,0x0000000081600000,0x0000000086b80000)
 Metaspace       used 2702K, capacity 4498K, committed 4864K, reserved 1056768K
  class space    used 302K, capacity 390K, committed 512K, reserved 1048576K

Card table byte_map: [0x0000000011e50000,0x0000000012250000] byte_map_base: 0x0000000011a45000

Marking Bits: (ParMarkBitMap*) 0x00000000626664f0
 Begin Bits: [0x0000000012900000, 0x00000000148a8000)
 End Bits:   [0x00000000148a8000, 0x0000000016850000)

Polling page: 0x00000000011d0000

CodeCache: size=245760Kb used=1132Kb max_used=1132Kb free=244627Kb
 bounds [0x0000000002a90000, 0x0000000002d00000, 0x0000000011a90000]
 total_blobs=268 nmethods=45 adapters=145
 compilation: enabled

Compilation events (10 events):
Event: 0.303 Thread 0x00000000194d3000   41       3       java.lang.String::startsWith (7 bytes)
Event: 0.304 Thread 0x00000000194d3000 nmethod 41 0x0000000002ba9a10 code [0x0000000002ba9b80, 0x0000000002ba9da8]
Event: 0.304 Thread 0x00000000194d3000   42       1       java.net.URL::getPath (5 bytes)
Event: 0.304 Thread 0x00000000194d3000 nmethod 42 0x0000000002ba9e50 code [0x0000000002ba9fa0, 0x0000000002baa0b0]
Event: 0.304 Thread 0x00000000194d3000   43       3       java.lang.AbstractStringBuilder::expandCapacity (50 bytes)
Event: 0.304 Thread 0x00000000194d3000 nmethod 43 0x0000000002baa110 code [0x0000000002baa2c0, 0x0000000002baa838]
Event: 0.305 Thread 0x00000000194d3000   44       1       java.net.URL::getAuthority (5 bytes)
Event: 0.305 Thread 0x00000000194d3000 nmethod 44 0x0000000002baaa90 code [0x0000000002baabe0, 0x0000000002baacf0]
Event: 0.307 Thread 0x00000000194d3000   45       3       java.lang.String::substring (79 bytes)
Event: 0.307 Thread 0x00000000194d3000 nmethod 45 0x0000000002baad50 code [0x0000000002baaf20, 0x0000000002bab418]

GC Heap History (0 events):
No events

Deoptimization events (0 events):
No events

Internal exceptions (2 events):
Event: 0.050 Thread 0x0000000002a8e800 Exception <a 'java/lang/NoSuchMethodError': Method sun.misc.Unsafe.defineClass(Ljava/lang/String;[BII)Ljava/lang/Class; name or signature does not match> (0x00000000d5d07cc0) thrown at [D:\re\workspace\8-2-build-windows-amd64-cygwin\jdk8u92\6642\hotspot\srÊže÷f†©?
Event: 0.050 Thread 0x0000000002a8e800 Exception <a 'java/lang/NoSuchMethodError': Method sun.misc.Unsafe.prefetchRead(Ljava/lang/Object;J)V name or signature does not match> (0x00000000d5d07fa8) thrown at [D:\re\workspace\8-2-build-windows-amd64-cygwin\jdk8u92\6642\hotspot\src\share\vm\prims\j

Events (10 events):
Event: 420.056 Executing VM operation: RedefineClasses
Event: 420.057 Executing VM operation: RedefineClasses done
Event: 420.062 Executing VM operation: ChangeBreakpoints
Event: 420.062 Executing VM operation: ChangeBreakpoints done
Event: 526.688 Executing VM operation: RedefineClasses
Event: 526.688 Executing VM operation: RedefineClasses done
Event: 526.693 Executing VM operation: ChangeBreakpoints
Event: 526.693 Executing VM operation: ChangeBreakpoints done
Event: 623.038 Executing VM operation: RedefineClasses
Event: 623.039 Executing VM operation: RedefineClasses done


Dynamic libraries:
0x00007ff6df720000 - 0x00007ff6df757000 	C:\Program Files\Java\jre1.8.0_92\bin\javaw.exe
0x00007ffc29140000 - 0x00007ffc29321000 	C:\WINDOWS\SYSTEM32\ntdll.dll
0x00007ffc29050000 - 0x00007ffc29102000 	C:\WINDOWS\System32\KERNEL32.DLL
0x00007ffc26100000 - 0x00007ffc26373000 	C:\WINDOWS\System32\KERNELBASE.dll
0x00007ffc28ac0000 - 0x00007ffc28b61000 	C:\WINDOWS\System32\ADVAPI32.dll
0x00007ffc28cb0000 - 0x00007ffc28d4e000 	C:\WINDOWS\System32\msvcrt.dll
0x00007ffc283c0000 - 0x00007ffc2841b000 	C:\WINDOWS\System32\sechost.dll
0x00007ffc26d20000 - 0x00007ffc26e44000 	C:\WINDOWS\System32\RPCRT4.dll
0x00007ffc28450000 - 0x00007ffc285e0000 	C:\WINDOWS\System32\USER32.dll
0x00007ffc255c0000 - 0x00007ffc255e0000 	C:\WINDOWS\System32\win32u.dll
0x00007ffc28420000 - 0x00007ffc28448000 	C:\WINDOWS\System32\GDI32.dll
0x00007ffc25f60000 - 0x00007ffc260f2000 	C:\WINDOWS\System32\gdi32full.dll
0x00007ffc26380000 - 0x00007ffc2641f000 	C:\WINDOWS\System32\msvcp_win.dll
0x00007ffc264d0000 - 0x00007ffc265ca000 	C:\WINDOWS\System32\ucrtbase.dll
0x00007ffc1ab10000 - 0x00007ffc1ad79000 	C:\WINDOWS\WinSxS\amd64_microsoft.windows.common-controls_6595b64144ccf1df_6.0.17134.228_none_fb4599993062b194\COMCTL32.dll
0x00007ffc269e0000 - 0x00007ffc26d03000 	C:\WINDOWS\System32\combase.dll
0x00007ffc257d0000 - 0x00007ffc2584a000 	C:\WINDOWS\System32\bcryptPrimitives.dll
0x00007ffc28c80000 - 0x00007ffc28cad000 	C:\WINDOWS\System32\IMM32.DLL
0x0000000061680000 - 0x0000000061752000 	C:\Program Files\Java\jre1.8.0_92\bin\msvcr100.dll
0x0000000061e50000 - 0x00000000626e6000 	C:\Program Files\Java\jre1.8.0_92\bin\server\jvm.dll
0x00007ffc265d0000 - 0x00007ffc265d8000 	C:\WINDOWS\System32\PSAPI.DLL
0x00007ffc11f50000 - 0x00007ffc11f59000 	C:\WINDOWS\SYSTEM32\WSOCK32.dll
0x00007ffc23430000 - 0x00007ffc23453000 	C:\WINDOWS\SYSTEM32\WINMM.dll
0x00007ffc285e0000 - 0x00007ffc2864c000 	C:\WINDOWS\System32\WS2_32.dll
0x00007ffc21200000 - 0x00007ffc2120a000 	C:\WINDOWS\SYSTEM32\VERSION.dll
0x00007ffc230c0000 - 0x00007ffc230ea000 	C:\WINDOWS\SYSTEM32\WINMMBASE.dll
0x00007ffc25570000 - 0x00007ffc255b9000 	C:\WINDOWS\System32\cfgmgr32.dll
0x0000000061d60000 - 0x0000000061d6f000 	C:\Program Files\Java\jre1.8.0_92\bin\verify.dll
0x0000000061d30000 - 0x0000000061d59000 	C:\Program Files\Java\jre1.8.0_92\bin\java.dll
0x0000000061640000 - 0x0000000061675000 	C:\Program Files\Java\jre1.8.0_92\bin\jdwp.dll
0x0000000061630000 - 0x0000000061638000 	C:\Program Files\Java\jre1.8.0_92\bin\npt.dll
0x0000000061d10000 - 0x0000000061d26000 	C:\Program Files\Java\jre1.8.0_92\bin\zip.dll
0x00007ffc26e50000 - 0x00007ffc28290000 	C:\WINDOWS\System32\SHELL32.dll
0x00007ffc28eb0000 - 0x00007ffc28f59000 	C:\WINDOWS\System32\shcore.dll
0x00007ffc25850000 - 0x00007ffc25f5d000 	C:\WINDOWS\System32\windows.storage.dll
0x00007ffc267e0000 - 0x00007ffc26831000 	C:\WINDOWS\System32\shlwapi.dll
0x00007ffc254f0000 - 0x00007ffc25501000 	C:\WINDOWS\System32\kernel.appcore.dll
0x00007ffc254d0000 - 0x00007ffc254ef000 	C:\WINDOWS\System32\profapi.dll
0x00007ffc25480000 - 0x00007ffc254cc000 	C:\WINDOWS\System32\powrprof.dll
0x00007ffc25470000 - 0x00007ffc2547a000 	C:\WINDOWS\System32\FLTLIB.DLL
0x0000000061620000 - 0x0000000061629000 	C:\Program Files\Java\jre1.8.0_92\bin\dt_socket.dll
0x00007ffc11db0000 - 0x00007ffc11dc6000 	C:\WINDOWS\system32\napinsp.dll
0x00007ffc11d90000 - 0x00007ffc11daa000 	C:\WINDOWS\system32\pnrpnsp.dll
0x00007ffc21ad0000 - 0x00007ffc21ae9000 	C:\WINDOWS\system32\NLAapi.dll
0x00007ffc24c70000 - 0x00007ffc24cd6000 	C:\WINDOWS\System32\mswsock.dll
0x00007ffc24a40000 - 0x00007ffc24afe000 	C:\WINDOWS\SYSTEM32\DNSAPI.dll
0x00007ffc28b70000 - 0x00007ffc28b78000 	C:\WINDOWS\System32\NSI.dll
0x00007ffc249f0000 - 0x00007ffc24a28000 	C:\WINDOWS\SYSTEM32\IPHLPAPI.DLL
0x00007ffc11f40000 - 0x00007ffc11f4e000 	C:\WINDOWS\System32\winrnr.dll
0x00007ffc1f350000 - 0x00007ffc1f365000 	C:\WINDOWS\System32\wshbth.dll
0x00007ffc16600000 - 0x00007ffc16672000 	C:\WINDOWS\System32\fwpuclnt.dll
0x00007ffc24fb0000 - 0x00007ffc24fd5000 	C:\WINDOWS\SYSTEM32\bcrypt.dll
0x00007ffc157f0000 - 0x00007ffc157fa000 	C:\Windows\System32\rasadhlp.dll
0x00007ffc13960000 - 0x00007ffc13b29000 	C:\WINDOWS\SYSTEM32\dbghelp.dll

VM Arguments:
jvm_args: -agentlib:jdwp=transport=dt_socket,suspend=y,address=localhost:55071 -Dfile.encoding=Cp1252 
java_command: com.static_stack.reverse_string.CharsInverterTest
java_class_path (initial): C:\Program Files\Java\jre1.8.0_92\lib\resources.jar;C:\Program Files\Java\jre1.8.0_92\lib\rt.jar;C:\Program Files\Java\jre1.8.0_92\lib\jsse.jar;C:\Program Files\Java\jre1.8.0_92\lib\jce.jar;C:\Program Files\Java\jre1.8.0_92\lib\charsets.jar;C:\Program Files\Java\jre1.8.0_92\lib\jfr.jar;C:\Program Files\Java\jre1.8.0_92\lib\ext\access-bridge-64.jar;C:\Program Files\Java\jre1.8.0_92\lib\ext\cldrdata.jar;C:\Program Files\Java\jre1.8.0_92\lib\ext\dnsns.jar;C:\Program Files\Java\jre1.8.0_92\lib\ext\jaccess.jar;C:\Program Files\Java\jre1.8.0_92\lib\ext\jfxrt.jar;C:\Program Files\Java\jre1.8.0_92\lib\ext\localedata.jar;C:\Program Files\Java\jre1.8.0_92\lib\ext\nashorn.jar;C:\Program Files\Java\jre1.8.0_92\lib\ext\sunec.jar;C:\Program Files\Java\jre1.8.0_92\lib\ext\sunjce_provider.jar;C:\Program Files\Java\jre1.8.0_92\lib\ext\sunmscapi.jar;C:\Program Files\Java\jre1.8.0_92\lib\ext\sunpkcs11.jar;C:\Program Files\Java\jre1.8.0_92\lib\ext\zipfs.jar;C:\Users\Cleve\workspace\static-stack\bin;C:\Users\Cleve\.gradle\caches\modules-2\files-2.1\org.apache.commons\commons-math3\3.6.1\e4ba98f1d4b3c80ec46392f25e094a6a2e58fcbf\commons-math3-3.6.1.jar;C:\Users\Cleve\.gradle\caches\modules-2\files-2.1\com.google.guava\guava\23.0\c947004bb13d18182be60077ade044099e4f26f1\guava-23.0.jar;C:\Users\Cleve\.gradle\caches\modules-2\files-2.1\com.google.code.findbugs\jsr305\1.3.9\40719ea6961c0cb6afaeb6a921eaa1f6afd4cfdf\jsr305-1.3.9.jar;C:\Users\Cleve\.gradle\caches\modules-2\files-2.1\com.google.errorprone\error_prone_annotations\2.0.18\5f65affce1684999e2f4024983835efc3504012e\error_prone_annotations-2.0.18.jar;C:\Users\Cleve\.gradle\caches\modules-2\files-2.1\com.google.j2objc\j2objc-annotations\1.1\976d8d30bebc251db406f2bdb3eb01962b5685b3\j2objc-annotations-1.1.jar;C:\Users\Cleve\.gradle\caches\modules-2\files-2.1\org.codehaus.mojo\animal-sniffer-annotations\1.14\775b7e22fb10026eed3f86e8dc556dfafe35f2d5\animal-sniffer-annotations-1.14.jar;C:\Users\Cleve\.gradle\cache
Launcher Type: SUN_STANDARD

Environment Variables:
PATH=C:/Program Files/Java/jre1.8.0_92/bin/server;C:/Program Files/Java/jre1.8.0_92/bin;C:/Program Files/Java/jre1.8.0_92/lib/amd64;C:\ProgramData\Oracle\Java\javapath;C:\Program Files (x86)\Intel\iCLS Client\;C:\Program Files\Intel\iCLS Client\;C:\Windows\system32;C:\Windows;C:\Windows\System32\Wbem;C:\Windows\System32\WindowsPowerShell\v1.0\;C:\Program Files (x86)\NVIDIA Corporation\PhysX\Common;C:\Users\Cleve\AppData\Local\Programs\Git\cmd;C:\WINDOWS\system32;C:\WINDOWS;C:\WINDOWS\System32\Wbem;C:\WINDOWS\System32\WindowsPowerShell\v1.0\;C:\Users\Cleve\AppData\Local\Android\sdk\tools;C:\Users\Cleve\AppData\Local\Android\sdk\platform-tools;C:\gradle\bin;C:\Program Files (x86)\Skype\Phone\;C:\Program Files (x86)\Intel\Intel(R) Management Engine Components\DAL;C:\Program Files\Intel\Intel(R) Management Engine Components\DAL;C:\Program Files (x86)\Intel\Intel(R) Management Engine Components\IPT;C:\Program Files\Intel\Intel(R) Management Engine Components\IPT;C:\Program Files\nodejs\;C:\WINDOWS\System32\OpenSSH\;C:\Program Files (x86)\Mercurial;C:\Program Files\Java\jdk1.8.0_92\bin;C:\ProgramData\Cleve\atom\bin;C:\Users\Cleve\AppData\Local\Microsoft\WindowsApps;C:\Users\Cleve\AppData\Roaming\npm;;C:\WINDOWS\system32;
USERNAME=Cleve
OS=Windows_NT
PROCESSOR_IDENTIFIER=Intel64 Family 6 Model 61 Stepping 4, GenuineIntel



---------------  S Y S T E M  ---------------

OS: Windows 10.0 , 64 bit Build 17134 (10.0.17134.1)

CPU:total 4 (2 cores per cpu, 2 threads per core) family 6 model 61 stepping 4, cmov, cx8, fxsr, mmx, sse, sse2, sse3, ssse3, sse4.1, sse4.2, popcnt, avx, avx2, aes, clmul, erms, 3dnowpref, lzcnt, ht, tsc, tscinvbit, bmi1, bmi2, adx

Memory: 4k page, physical 8296900k(1856352k free), swap 17469360k(2877288k free)

vm_info: Java HotSpot(TM) 64-Bit Server VM (25.92-b14) for windows-amd64 JRE (1.8.0_92-b14), built on Mar 31 2016 21:03:04 by "java_re" with MS VC++ 10.0 (VS2010)

time: Wed Aug 29 14:42:32 2018
elapsed time: 623 seconds (0d 0h 10m 23s)

